<?xml version="1.0" encoding="UTF-8"?>
<testsuites name="RemoveReptiles" time="13.086" tests="1" failures="0" errors="0">
   <testsuite name="RemoveReptiles" tests="1" failures="0" errors="0" time="13.086" skipped="0" timestamp="19-05-2024T09:53:47" hostname="HA716GP - IN3540868W1.ey.net" id="Test Suites/RemoveReptiles">
      <properties>
         <property name="deviceName" value=""/>
         <property name="devicePlatform" value=""/>
         <property name="logFolder" value="C:\\Users\\HA716GP\\git\\Testpractice\\Reports\\20240519_095343\\RemoveReptiles\\20240519_095343"/>
         <property name="logFiles" value="C:\\Users\\HA716GP\\git\\Testpractice\\Reports\\20240519_095343\\RemoveReptiles\\20240519_095343\\execution0.log"/>
         <property name="attachments" value=""/>
         <property name="hostName" value="HA716GP - IN3540868W1.ey.net"/>
         <property name="os" value="Windows 10 64bit"/>
         <property name="katalonVersion" value="9.4.0.212"/>
         <property name="browser" value="Edge Chromium 124"/>
         <property name="hostAddress" value="192.168.1.35"/>
         <property name="sessionId" value="3751a9ba5e6353791c637479f83f81ef"/>
         <property name="seleniumVersion" value="3.141.59"/>
         <property name="proxyInformation" value="ProxyInformation { proxyOption=NO_PROXY, proxyServerType=HTTP, username=, password=********, proxyServerAddress=, proxyServerPort=0, executionList=&quot;&quot;, isApplyToDesiredCapabilities=true }"/>
         <property name="platform" value="Windows 10"/>
      </properties>
      <testcase name="Test Cases/RemoveKartReptiles" time="12.926" classname="Test Cases/RemoveKartReptiles" status="PASSED">
         <system-out><![CDATA[19-05-2024T09:53:47 - [TEST_CASE][PASSED] - Test Cases/RemoveKartReptiles: Test Cases/RemoveKartReptiles

19-05-2024T09:53:47 - [TEST_STEP][PASSED] - openBrowser(""): Browser is opened with url: ''

19-05-2024T09:53:47 - [MESSAGE][INFO] - Starting 'Edge Chromium' driver

19-05-2024T09:53:50 - [MESSAGE][INFO] - Action delay is set to 0 milliseconds

19-05-2024T09:53:52 - [MESSAGE][PASSED] - Browser is opened with url: ''

19-05-2024T09:53:52 - [TEST_STEP][PASSED] - navigateToUrl("https://petstore.octoperf.com/"): Navigate to 'https://petstore.octoperf.com/' successfully

19-05-2024T09:53:53 - [MESSAGE][PASSED] - Navigate to 'https://petstore.octoperf.com/' successfully

19-05-2024T09:53:53 - [TEST_STEP][PASSED] - click(findTestObject("Object Repository/ReptilesRemovekart/Page_JPetStore Demo/a_Enter the Store")): Object: 'Object Repository/ReptilesRemovekart/Page_JPetStore Demo/a_Enter the Store' is clicked on

19-05-2024T09:53:55 - [MESSAGE][PASSED] - Object: 'Object Repository/ReptilesRemovekart/Page_JPetStore Demo/a_Enter the Store' is clicked on

19-05-2024T09:53:55 - [TEST_STEP][PASSED] - click(findTestObject("Object Repository/ReptilesRemovekart/Page_JPetStore Demo/img")): Object: 'Object Repository/ReptilesRemovekart/Page_JPetStore Demo/img' is clicked on

19-05-2024T09:53:55 - [MESSAGE][PASSED] - Object: 'Object Repository/ReptilesRemovekart/Page_JPetStore Demo/img' is clicked on

19-05-2024T09:53:55 - [TEST_STEP][PASSED] - click(findTestObject("Object Repository/ReptilesRemovekart/Page_JPetStore Demo/a_RP-LI-02")): Object: 'Object Repository/ReptilesRemovekart/Page_JPetStore Demo/a_RP-LI-02' is clicked on

19-05-2024T09:53:56 - [MESSAGE][PASSED] - Object: 'Object Repository/ReptilesRemovekart/Page_JPetStore Demo/a_RP-LI-02' is clicked on

19-05-2024T09:53:56 - [TEST_STEP][PASSED] - click(findTestObject("Object Repository/ReptilesRemovekart/Page_JPetStore Demo/a_EST-13")): Object: 'Object Repository/ReptilesRemovekart/Page_JPetStore Demo/a_EST-13' is clicked on

19-05-2024T09:53:57 - [MESSAGE][PASSED] - Object: 'Object Repository/ReptilesRemovekart/Page_JPetStore Demo/a_EST-13' is clicked on

19-05-2024T09:53:57 - [TEST_STEP][PASSED] - click(findTestObject("Object Repository/ReptilesRemovekart/Page_JPetStore Demo/a_Add to Cart")): Object: 'Object Repository/ReptilesRemovekart/Page_JPetStore Demo/a_Add to Cart' is clicked on

19-05-2024T09:53:58 - [MESSAGE][PASSED] - Object: 'Object Repository/ReptilesRemovekart/Page_JPetStore Demo/a_Add to Cart' is clicked on

19-05-2024T09:53:58 - [TEST_STEP][PASSED] - click(findTestObject("Object Repository/ReptilesRemovekart/Page_JPetStore Demo/a_Remove")): Object: 'Object Repository/ReptilesRemovekart/Page_JPetStore Demo/a_Remove' is clicked on

19-05-2024T09:53:59 - [MESSAGE][PASSED] - Object: 'Object Repository/ReptilesRemovekart/Page_JPetStore Demo/a_Remove' is clicked on

19-05-2024T09:53:59 - [TEST_STEP][PASSED] - click(findTestObject("Object Repository/ReptilesRemovekart/Page_JPetStore Demo/a_Return to Main Menu")): Object: 'Object Repository/ReptilesRemovekart/Page_JPetStore Demo/a_Return to Main Menu' is clicked on

19-05-2024T09:53:59 - [MESSAGE][PASSED] - Object: 'Object Repository/ReptilesRemovekart/Page_JPetStore Demo/a_Return to Main Menu' is clicked on

19-05-2024T09:53:59 - [TEST_STEP][PASSED] - closeBrowser(): Browser is closed

19-05-2024T09:54:00 - [MESSAGE][PASSED] - Browser is closed]]></system-out>
         <system-err><![CDATA[]]></system-err>
      </testcase>
      <system-out><![CDATA[19-05-2024T09:53:47 - [TEST_SUITE][PASSED] - RemoveReptiles: Test Cases/RemoveKartReptiles]]></system-out>
      <system-err><![CDATA[]]></system-err>
   </testsuite>
</testsuites>
