<?xml version="1.0" encoding="UTF-8"?>
<testsuites name="RemoveCat" time="13.701" tests="1" failures="0" errors="0">
   <testsuite name="RemoveCat" tests="1" failures="0" errors="0" time="13.701" skipped="0" timestamp="19-05-2024T09:45:49" hostname="HA716GP - IN3540868W1.ey.net" id="Test Suites/RemoveCat">
      <properties>
         <property name="deviceName" value=""/>
         <property name="devicePlatform" value=""/>
         <property name="logFolder" value="C:\\Users\\HA716GP\\git\\Testpractice\\Reports\\20240519_094544\\RemoveCat\\20240519_094545"/>
         <property name="logFiles" value="C:\\Users\\HA716GP\\git\\Testpractice\\Reports\\20240519_094544\\RemoveCat\\20240519_094545\\execution0.log"/>
         <property name="attachments" value=""/>
         <property name="hostName" value="HA716GP - IN3540868W1.ey.net"/>
         <property name="os" value="Windows 10 64bit"/>
         <property name="katalonVersion" value="9.4.0.212"/>
         <property name="browser" value="Edge Chromium 124"/>
         <property name="hostAddress" value="192.168.1.35"/>
         <property name="sessionId" value="1267c152e519682097c02e165ddcbf94"/>
         <property name="seleniumVersion" value="3.141.59"/>
         <property name="proxyInformation" value="ProxyInformation { proxyOption=NO_PROXY, proxyServerType=HTTP, username=, password=********, proxyServerAddress=, proxyServerPort=0, executionList=&quot;&quot;, isApplyToDesiredCapabilities=true }"/>
         <property name="platform" value="Windows 10"/>
      </properties>
      <testcase name="Test Cases/RemovekartCat" time="13.519" classname="Test Cases/RemovekartCat" status="PASSED">
         <system-out><![CDATA[19-05-2024T09:45:49 - [TEST_CASE][PASSED] - Test Cases/RemovekartCat: Test Cases/RemovekartCat

19-05-2024T09:45:50 - [TEST_STEP][PASSED] - openBrowser(""): Browser is opened with url: ''

19-05-2024T09:45:50 - [MESSAGE][INFO] - Starting 'Edge Chromium' driver

19-05-2024T09:45:52 - [MESSAGE][INFO] - Action delay is set to 0 milliseconds

19-05-2024T09:45:54 - [MESSAGE][PASSED] - Browser is opened with url: ''

19-05-2024T09:45:54 - [TEST_STEP][PASSED] - navigateToUrl("https://petstore.octoperf.com/"): Navigate to 'https://petstore.octoperf.com/' successfully

19-05-2024T09:45:55 - [MESSAGE][PASSED] - Navigate to 'https://petstore.octoperf.com/' successfully

19-05-2024T09:45:55 - [TEST_STEP][PASSED] - click(findTestObject("Object Repository/RemoveCat/Page_JPetStore Demo/a_Enter the Store")): Object: 'Object Repository/RemoveCat/Page_JPetStore Demo/a_Enter the Store' is clicked on

19-05-2024T09:45:57 - [MESSAGE][PASSED] - Object: 'Object Repository/RemoveCat/Page_JPetStore Demo/a_Enter the Store' is clicked on

19-05-2024T09:45:57 - [TEST_STEP][PASSED] - click(findTestObject("Object Repository/RemoveCat/Page_JPetStore Demo/img")): Object: 'Object Repository/RemoveCat/Page_JPetStore Demo/img' is clicked on

19-05-2024T09:45:58 - [MESSAGE][PASSED] - Object: 'Object Repository/RemoveCat/Page_JPetStore Demo/img' is clicked on

19-05-2024T09:45:58 - [TEST_STEP][PASSED] - click(findTestObject("Object Repository/RemoveCat/Page_JPetStore Demo/a_FL-DLH-02")): Object: 'Object Repository/RemoveCat/Page_JPetStore Demo/a_FL-DLH-02' is clicked on

19-05-2024T09:45:59 - [MESSAGE][PASSED] - Object: 'Object Repository/RemoveCat/Page_JPetStore Demo/a_FL-DLH-02' is clicked on

19-05-2024T09:45:59 - [TEST_STEP][PASSED] - click(findTestObject("Object Repository/RemoveCat/Page_JPetStore Demo/a_EST-17")): Object: 'Object Repository/RemoveCat/Page_JPetStore Demo/a_EST-17' is clicked on

19-05-2024T09:46:00 - [MESSAGE][PASSED] - Object: 'Object Repository/RemoveCat/Page_JPetStore Demo/a_EST-17' is clicked on

19-05-2024T09:46:00 - [TEST_STEP][PASSED] - click(findTestObject("Object Repository/RemoveCat/Page_JPetStore Demo/a_Add to Cart")): Object: 'Object Repository/RemoveCat/Page_JPetStore Demo/a_Add to Cart' is clicked on

19-05-2024T09:46:00 - [MESSAGE][PASSED] - Object: 'Object Repository/RemoveCat/Page_JPetStore Demo/a_Add to Cart' is clicked on

19-05-2024T09:46:00 - [TEST_STEP][PASSED] - click(findTestObject("Object Repository/RemoveCat/Page_JPetStore Demo/a_Remove")): Object: 'Object Repository/RemoveCat/Page_JPetStore Demo/a_Remove' is clicked on

19-05-2024T09:46:01 - [MESSAGE][PASSED] - Object: 'Object Repository/RemoveCat/Page_JPetStore Demo/a_Remove' is clicked on

19-05-2024T09:46:01 - [TEST_STEP][PASSED] - click(findTestObject("Object Repository/RemoveCat/Page_JPetStore Demo/input_Sub Total 0.00_updateCartQuantities")): Object: 'Object Repository/RemoveCat/Page_JPetStore Demo/input_Sub Total 0.00_updateCartQuantities' is clicked on

19-05-2024T09:46:02 - [MESSAGE][PASSED] - Object: 'Object Repository/RemoveCat/Page_JPetStore Demo/input_Sub Total 0.00_updateCartQuantities' is clicked on

19-05-2024T09:46:02 - [TEST_STEP][PASSED] - click(findTestObject("Object Repository/RemoveCat/Page_JPetStore Demo/a_Return to Main Menu")): Object: 'Object Repository/RemoveCat/Page_JPetStore Demo/a_Return to Main Menu' is clicked on

19-05-2024T09:46:03 - [MESSAGE][PASSED] - Object: 'Object Repository/RemoveCat/Page_JPetStore Demo/a_Return to Main Menu' is clicked on

19-05-2024T09:46:03 - [TEST_STEP][PASSED] - closeBrowser(): Browser is closed

19-05-2024T09:46:03 - [MESSAGE][PASSED] - Browser is closed]]></system-out>
         <system-err><![CDATA[]]></system-err>
      </testcase>
      <system-out><![CDATA[19-05-2024T09:45:49 - [TEST_SUITE][PASSED] - RemoveCat: Test Cases/RemovekartCat]]></system-out>
      <system-err><![CDATA[]]></system-err>
   </testsuite>
</testsuites>
