<?xml version="1.0" encoding="UTF-8"?>
<testsuites name="RemoveKartDogs" time="13.532" tests="1" failures="0" errors="0">
   <testsuite name="RemoveKartDogs" tests="1" failures="0" errors="0" time="13.532" skipped="0" timestamp="19-05-2024T09:56:58" hostname="HA716GP - IN3540868W1.ey.net" id="Test Suites/RemoveKartDogs">
      <properties>
         <property name="deviceName" value=""/>
         <property name="devicePlatform" value=""/>
         <property name="logFolder" value="C:\\Users\\HA716GP\\git\\Testpractice\\Reports\\20240519_095642\\RemoveKartDogs\\20240519_095642"/>
         <property name="logFiles" value="C:\\Users\\HA716GP\\git\\Testpractice\\Reports\\20240519_095642\\RemoveKartDogs\\20240519_095642\\execution0.log"/>
         <property name="attachments" value=""/>
         <property name="hostName" value="HA716GP - IN3540868W1.ey.net"/>
         <property name="os" value="Windows 10 64bit"/>
         <property name="katalonVersion" value="9.4.0.212"/>
         <property name="browser" value="Edge Chromium 124"/>
         <property name="hostAddress" value="192.168.1.35"/>
         <property name="sessionId" value="df517122e62154d4b2ea892ac4574717"/>
         <property name="seleniumVersion" value="3.141.59"/>
         <property name="proxyInformation" value="ProxyInformation { proxyOption=NO_PROXY, proxyServerType=HTTP, username=, password=********, proxyServerAddress=, proxyServerPort=0, executionList=&quot;&quot;, isApplyToDesiredCapabilities=true }"/>
         <property name="platform" value="Windows 10"/>
      </properties>
      <testcase name="Test Cases/Removekartdogs" time="13.352" classname="Test Cases/Removekartdogs" status="PASSED">
         <system-out><![CDATA[19-05-2024T09:56:58 - [TEST_CASE][PASSED] - Test Cases/Removekartdogs: Test Cases/Removekartdogs

19-05-2024T09:56:59 - [TEST_STEP][PASSED] - openBrowser(""): Browser is opened with url: ''

19-05-2024T09:56:59 - [MESSAGE][INFO] - Starting 'Edge Chromium' driver

19-05-2024T09:57:02 - [MESSAGE][INFO] - Action delay is set to 0 milliseconds

19-05-2024T09:57:03 - [MESSAGE][PASSED] - Browser is opened with url: ''

19-05-2024T09:57:03 - [TEST_STEP][PASSED] - navigateToUrl("https://petstore.octoperf.com/"): Navigate to 'https://petstore.octoperf.com/' successfully

19-05-2024T09:57:05 - [MESSAGE][PASSED] - Navigate to 'https://petstore.octoperf.com/' successfully

19-05-2024T09:57:05 - [TEST_STEP][PASSED] - click(findTestObject("Object Repository/Removekartdogs/Page_JPetStore Demo/a_Enter the Store")): Object: 'Object Repository/Removekartdogs/Page_JPetStore Demo/a_Enter the Store' is clicked on

19-05-2024T09:57:06 - [MESSAGE][PASSED] - Object: 'Object Repository/Removekartdogs/Page_JPetStore Demo/a_Enter the Store' is clicked on

19-05-2024T09:57:06 - [TEST_STEP][PASSED] - click(findTestObject("Object Repository/Removekartdogs/Page_JPetStore Demo/img")): Object: 'Object Repository/Removekartdogs/Page_JPetStore Demo/img' is clicked on

19-05-2024T09:57:07 - [MESSAGE][PASSED] - Object: 'Object Repository/Removekartdogs/Page_JPetStore Demo/img' is clicked on

19-05-2024T09:57:07 - [TEST_STEP][PASSED] - click(findTestObject("Object Repository/Removekartdogs/Page_JPetStore Demo/a_K9-DL-01")): Object: 'Object Repository/Removekartdogs/Page_JPetStore Demo/a_K9-DL-01' is clicked on

19-05-2024T09:57:08 - [MESSAGE][PASSED] - Object: 'Object Repository/Removekartdogs/Page_JPetStore Demo/a_K9-DL-01' is clicked on

19-05-2024T09:57:08 - [TEST_STEP][PASSED] - click(findTestObject("Object Repository/Removekartdogs/Page_JPetStore Demo/a_EST-10")): Object: 'Object Repository/Removekartdogs/Page_JPetStore Demo/a_EST-10' is clicked on

19-05-2024T09:57:09 - [MESSAGE][PASSED] - Object: 'Object Repository/Removekartdogs/Page_JPetStore Demo/a_EST-10' is clicked on

19-05-2024T09:57:09 - [TEST_STEP][PASSED] - click(findTestObject("Object Repository/Removekartdogs/Page_JPetStore Demo/a_Add to Cart")): Object: 'Object Repository/Removekartdogs/Page_JPetStore Demo/a_Add to Cart' is clicked on

19-05-2024T09:57:10 - [MESSAGE][PASSED] - Object: 'Object Repository/Removekartdogs/Page_JPetStore Demo/a_Add to Cart' is clicked on

19-05-2024T09:57:10 - [TEST_STEP][PASSED] - click(findTestObject("Object Repository/Removekartdogs/Page_JPetStore Demo/a_Remove")): Object: 'Object Repository/Removekartdogs/Page_JPetStore Demo/a_Remove' is clicked on

19-05-2024T09:57:11 - [MESSAGE][PASSED] - Object: 'Object Repository/Removekartdogs/Page_JPetStore Demo/a_Remove' is clicked on

19-05-2024T09:57:11 - [TEST_STEP][PASSED] - click(findTestObject("Object Repository/Removekartdogs/Page_JPetStore Demo/a_Return to Main Menu")): Object: 'Object Repository/Removekartdogs/Page_JPetStore Demo/a_Return to Main Menu' is clicked on

19-05-2024T09:57:12 - [MESSAGE][PASSED] - Object: 'Object Repository/Removekartdogs/Page_JPetStore Demo/a_Return to Main Menu' is clicked on

19-05-2024T09:57:12 - [TEST_STEP][PASSED] - closeBrowser(): Browser is closed

19-05-2024T09:57:12 - [MESSAGE][PASSED] - Browser is closed]]></system-out>
         <system-err><![CDATA[]]></system-err>
      </testcase>
      <system-out><![CDATA[19-05-2024T09:56:58 - [TEST_SUITE][PASSED] - RemoveKartDogs: Test Cases/Removekartdogs]]></system-out>
      <system-err><![CDATA[]]></system-err>
   </testsuite>
</testsuites>
