<?xml version="1.0" encoding="UTF-8"?>
<testsuites name="Addtokartfish" time="74.848" tests="1" failures="0" errors="0">
   <testsuite name="Addtokartfish" tests="1" failures="0" errors="0" time="74.848" skipped="0" timestamp="19-05-2024T08:04:30" hostname="HA716GP - IN3540868W1.ey.net" id="Test Suites/Addtokartfish">
      <properties>
         <property name="deviceName" value=""/>
         <property name="devicePlatform" value=""/>
         <property name="logFolder" value="C:\\Users\\HA716GP\\git\\Testpractice\\Reports\\20240519_080426\\Addtokartfish\\20240519_080426"/>
         <property name="logFiles" value="C:\\Users\\HA716GP\\git\\Testpractice\\Reports\\20240519_080426\\Addtokartfish\\20240519_080426\\execution0.log"/>
         <property name="attachments" value=""/>
         <property name="hostName" value="HA716GP - IN3540868W1.ey.net"/>
         <property name="os" value="Windows 10 64bit"/>
         <property name="katalonVersion" value="9.4.0.212"/>
         <property name="browser" value="Edge Chromium 124"/>
         <property name="hostAddress" value="192.168.1.35"/>
         <property name="sessionId" value="e1292d2a4a22e7cfd8b24f4e94d2d5e2"/>
         <property name="seleniumVersion" value="3.141.59"/>
         <property name="proxyInformation" value="ProxyInformation { proxyOption=NO_PROXY, proxyServerType=HTTP, username=, password=********, proxyServerAddress=, proxyServerPort=0, executionList=&quot;&quot;, isApplyToDesiredCapabilities=true }"/>
         <property name="platform" value="Windows 10"/>
      </properties>
      <testcase name="Test Cases/AddtokartFish" time="74.685" classname="Test Cases/AddtokartFish" status="PASSED">
         <system-out><![CDATA[19-05-2024T08:04:30 - [TEST_CASE][PASSED] - Test Cases/AddtokartFish: Test Cases/AddtokartFish

19-05-2024T08:04:30 - [TEST_STEP][PASSED] - openBrowser(""): Browser is opened with url: ''

19-05-2024T08:04:30 - [MESSAGE][INFO] - Starting 'Edge Chromium' driver

19-05-2024T08:04:33 - [MESSAGE][INFO] - Action delay is set to 0 milliseconds

19-05-2024T08:04:34 - [MESSAGE][PASSED] - Browser is opened with url: ''

19-05-2024T08:04:34 - [TEST_STEP][PASSED] - navigateToUrl("https://petstore.octoperf.com/"): Navigate to 'https://petstore.octoperf.com/' successfully

19-05-2024T08:04:36 - [MESSAGE][PASSED] - Navigate to 'https://petstore.octoperf.com/' successfully

19-05-2024T08:04:36 - [TEST_STEP][PASSED] - click(findTestObject("Object Repository/fishobject/Page_JPetStore Demo/a_Enter the Store")): Object: 'Object Repository/fishobject/Page_JPetStore Demo/a_Enter the Store' is clicked on

19-05-2024T08:04:38 - [MESSAGE][PASSED] - Object: 'Object Repository/fishobject/Page_JPetStore Demo/a_Enter the Store' is clicked on

19-05-2024T08:04:38 - [TEST_STEP][PASSED] - click(findTestObject("Object Repository/fishobject/Page_JPetStore Demo/img")): Object: 'Object Repository/fishobject/Page_JPetStore Demo/img' is clicked on

19-05-2024T08:04:39 - [MESSAGE][PASSED] - Object: 'Object Repository/fishobject/Page_JPetStore Demo/img' is clicked on

19-05-2024T08:04:39 - [TEST_STEP][PASSED] - click(findTestObject("Object Repository/fishobject/Page_JPetStore Demo/a_FI-SW-01")): Object: 'Object Repository/fishobject/Page_JPetStore Demo/a_FI-SW-01' is clicked on

19-05-2024T08:04:40 - [MESSAGE][PASSED] - Object: 'Object Repository/fishobject/Page_JPetStore Demo/a_FI-SW-01' is clicked on

19-05-2024T08:04:40 - [TEST_STEP][PASSED] - click(findTestObject("Object Repository/fishobject/Page_JPetStore Demo/td_Add to Cart")): Object: 'Object Repository/fishobject/Page_JPetStore Demo/td_Add to Cart' is clicked on

19-05-2024T08:04:40 - [MESSAGE][PASSED] - Object: 'Object Repository/fishobject/Page_JPetStore Demo/td_Add to Cart' is clicked on

19-05-2024T08:04:40 - [TEST_STEP][PASSED] - click(findTestObject("Object Repository/fishobject/Page_JPetStore Demo/a_Add to Cart")): Object: 'Object Repository/fishobject/Page_JPetStore Demo/a_Add to Cart' is clicked on

19-05-2024T08:05:12 - [MESSAGE][INFO] - Unable to find the element located by 'By.xpath: //div[@id='Catalog']/table/tbody/tr[2]/td[5]/a'. Please recheck the objects properties to make sure the desired element is located. 

19-05-2024T08:05:12 - [MESSAGE][WARNING] - [SELF-HEALING] Failed to find element with id 'Object Repository/fishobject/Page_JPetStore Demo/a_Add to Cart'. Try using Self-healing.

19-05-2024T08:05:12 - [MESSAGE][WARNING] - [SELF-HEALING] The current locator of test object 'Object Repository/fishobject/Page_JPetStore Demo/a_Add to Cart' was broken. Propose an alternative one: '(.//*[normalize-space(text()) and normalize-space(.)='$16.50'])[1]/following::a[1]'.

19-05-2024T08:05:12 - [MESSAGE][PASSED] - Object: 'Object Repository/fishobject/Page_JPetStore Demo/a_Add to Cart' is clicked on

19-05-2024T08:05:12 - [TEST_STEP][PASSED] - click(findTestObject("Object Repository/fishobject/Page_JPetStore Demo/a_Proceed to Checkout")): Object: 'Object Repository/fishobject/Page_JPetStore Demo/a_Proceed to Checkout' is clicked on

19-05-2024T08:05:43 - [MESSAGE][INFO] - Unable to find the element located by 'By.xpath: //div[@id='Cart']/a'. Please recheck the objects properties to make sure the desired element is located. 

19-05-2024T08:05:43 - [MESSAGE][WARNING] - [SELF-HEALING] Failed to find element with id 'Object Repository/fishobject/Page_JPetStore Demo/a_Proceed to Checkout'. Try using Self-healing.

19-05-2024T08:05:44 - [MESSAGE][WARNING] - [SELF-HEALING] The current locator of test object 'Object Repository/fishobject/Page_JPetStore Demo/a_Proceed to Checkout' was broken. Propose an alternative one: '(.//*[normalize-space(text()) and normalize-space(.)='OctoPerf'])[1]/preceding::a[1]'.

19-05-2024T08:05:44 - [MESSAGE][PASSED] - Object: 'Object Repository/fishobject/Page_JPetStore Demo/a_Proceed to Checkout' is clicked on

19-05-2024T08:05:44 - [TEST_STEP][PASSED] - closeBrowser(): Browser is closed

19-05-2024T08:05:45 - [MESSAGE][PASSED] - Browser is closed]]></system-out>
         <system-err><![CDATA[]]></system-err>
      </testcase>
      <system-out><![CDATA[19-05-2024T08:04:30 - [TEST_SUITE][PASSED] - Addtokartfish: Test Cases/AddtokartFish]]></system-out>
      <system-err><![CDATA[]]></system-err>
   </testsuite>
</testsuites>
