<?xml version="1.0" encoding="UTF-8"?>
<testsuites name="Login" time="153.119" tests="1" failures="0" errors="0">
   <testsuite name="Login" tests="1" failures="0" errors="0" time="153.119" skipped="0" timestamp="19-05-2024T07:30:11" hostname="HA716GP - IN3540868W1.ey.net" id="Test Suites/Login">
      <properties>
         <property name="deviceName" value=""/>
         <property name="devicePlatform" value=""/>
         <property name="logFolder" value="C:\\Users\\HA716GP\\git\\Testpractice\\Reports\\20240519_072954\\Login\\20240519_072955"/>
         <property name="logFiles" value="C:\\Users\\HA716GP\\git\\Testpractice\\Reports\\20240519_072954\\Login\\20240519_072955\\execution0.log"/>
         <property name="attachments" value=""/>
         <property name="hostName" value="HA716GP - IN3540868W1.ey.net"/>
         <property name="os" value="Windows 10 64bit"/>
         <property name="katalonVersion" value="9.4.0.212"/>
         <property name="browser" value="Edge Chromium 124"/>
         <property name="hostAddress" value="192.168.1.35"/>
         <property name="sessionId" value="d14730fd3a4af6b8dbe079e40dad1cec"/>
         <property name="seleniumVersion" value="3.141.59"/>
         <property name="proxyInformation" value="ProxyInformation { proxyOption=NO_PROXY, proxyServerType=HTTP, username=, password=********, proxyServerAddress=, proxyServerPort=0, executionList=&quot;&quot;, isApplyToDesiredCapabilities=true }"/>
         <property name="platform" value="Windows 10"/>
      </properties>
      <testcase name="Test Cases/TC01LoginPage" time="152.893" classname="Test Cases/TC01LoginPage" status="PASSED">
         <system-out><![CDATA[19-05-2024T07:30:11 - [TEST_CASE][PASSED] - Test Cases/TC01LoginPage: Test Cases/TC01LoginPage

19-05-2024T07:30:12 - [TEST_STEP][PASSED] - openBrowser(""): Browser is opened with url: ''

19-05-2024T07:30:12 - [MESSAGE][INFO] - Starting 'Edge Chromium' driver

19-05-2024T07:30:15 - [MESSAGE][INFO] - Action delay is set to 0 milliseconds

19-05-2024T07:30:17 - [MESSAGE][PASSED] - Browser is opened with url: ''

19-05-2024T07:30:17 - [TEST_STEP][PASSED] - navigateToUrl("https://petstore.octoperf.com/"): Navigate to 'https://petstore.octoperf.com/' successfully

19-05-2024T07:30:18 - [MESSAGE][PASSED] - Navigate to 'https://petstore.octoperf.com/' successfully

19-05-2024T07:30:18 - [TEST_STEP][PASSED] - click(findTestObject("Object Repository/Page_JPetStore Demo/a_Enter the Store")): Object: 'Object Repository/Page_JPetStore Demo/a_Enter the Store' is clicked on

19-05-2024T07:30:20 - [MESSAGE][PASSED] - Object: 'Object Repository/Page_JPetStore Demo/a_Enter the Store' is clicked on

19-05-2024T07:30:20 - [TEST_STEP][PASSED] - click(findTestObject("Object Repository/Page_JPetStore Demo/a_Sign In")): Object: 'Object Repository/Page_JPetStore Demo/a_Sign In' is clicked on

19-05-2024T07:30:21 - [MESSAGE][PASSED] - Object: 'Object Repository/Page_JPetStore Demo/a_Sign In' is clicked on

19-05-2024T07:30:21 - [TEST_STEP][PASSED] - setText(findTestObject("Object Repository/Page_JPetStore Demo/input_Need a user name and password_username"), "mohan1"): Text 'mohan1' is set on object 'Object Repository/Page_JPetStore Demo/input_Need a user name and password_username'

19-05-2024T07:30:52 - [MESSAGE][INFO] - Unable to find the element located by 'By.xpath: //input[@id='stripes--1373116213']'. Please recheck the objects properties to make sure the desired element is located. 

19-05-2024T07:30:52 - [MESSAGE][WARNING] - [SELF-HEALING] Failed to find element with id 'Object Repository/Page_JPetStore Demo/input_Need a user name and password_username'. Try using Self-healing.

19-05-2024T07:30:52 - [MESSAGE][INFO] - [SELF-HEALING] Failed Locator: '//input[@id='stripes--1373116213']'.

19-05-2024T07:30:53 - [MESSAGE][INFO] - [SELF-HEALING] Working Locator: '//div[@id='Catalog']/form/p[2]/input'.

19-05-2024T07:30:53 - [MESSAGE][INFO] - [SELF-HEALING] Screenshot: C:/Users/HA716GP/git/Testpractice/Reports/Self-healing/Object Repository/Page_JPetStore Demo/input_Need a user name and password_username_idRelative.png

19-05-2024T07:30:53 - [MESSAGE][WARNING] - [SELF-HEALING] The current locator of test object 'Object Repository/Page_JPetStore Demo/input_Need a user name and password_username' was broken. Propose an alternative one: '//div[@id='Catalog']/form/p[2]/input'.

19-05-2024T07:31:25 - [MESSAGE][INFO] - Unable to find the element located by 'By.xpath: //input[@id='stripes--1373116213']'. Please recheck the objects properties to make sure the desired element is located. 

19-05-2024T07:31:25 - [MESSAGE][WARNING] - [SELF-HEALING] Failed to find element with id 'Object Repository/Page_JPetStore Demo/input_Need a user name and password_username'. Try using Self-healing.

19-05-2024T07:31:25 - [MESSAGE][WARNING] - [SELF-HEALING] The current locator of test object 'Object Repository/Page_JPetStore Demo/input_Need a user name and password_username' was broken. Propose an alternative one: '//div[@id='Catalog']/form/p[2]/input'.

19-05-2024T07:31:25 - [MESSAGE][PASSED] - Text 'mohan1' is set on object 'Object Repository/Page_JPetStore Demo/input_Need a user name and password_username'

19-05-2024T07:31:25 - [TEST_STEP][PASSED] - click(findTestObject("Object Repository/Page_JPetStore Demo/input_Need a user name and password_signon")): Object: 'Object Repository/Page_JPetStore Demo/input_Need a user name and password_signon' is clicked on

19-05-2024T07:31:26 - [MESSAGE][PASSED] - Object: 'Object Repository/Page_JPetStore Demo/input_Need a user name and password_signon' is clicked on

19-05-2024T07:31:26 - [TEST_STEP][PASSED] - closeBrowser(): Browser is closed

19-05-2024T07:31:26 - [MESSAGE][PASSED] - Browser is closed

19-05-2024T07:31:26 - [TEST_STEP][PASSED] - openBrowser(""): Browser is opened with url: ''

19-05-2024T07:31:26 - [MESSAGE][INFO] - Starting 'Edge Chromium' driver

19-05-2024T07:31:29 - [MESSAGE][INFO] - Action delay is set to 0 milliseconds

19-05-2024T07:31:30 - [MESSAGE][PASSED] - Browser is opened with url: ''

19-05-2024T07:31:30 - [TEST_STEP][PASSED] - closeBrowser(): Browser is closed

19-05-2024T07:31:31 - [MESSAGE][PASSED] - Browser is closed

19-05-2024T07:31:31 - [TEST_STEP][PASSED] - openBrowser(""): Browser is opened with url: ''

19-05-2024T07:31:31 - [MESSAGE][INFO] - Starting 'Edge Chromium' driver

19-05-2024T07:31:33 - [MESSAGE][INFO] - Action delay is set to 0 milliseconds

19-05-2024T07:31:35 - [MESSAGE][PASSED] - Browser is opened with url: ''

19-05-2024T07:31:35 - [TEST_STEP][PASSED] - navigateToUrl("https://petstore.octoperf.com/"): Navigate to 'https://petstore.octoperf.com/' successfully

19-05-2024T07:31:36 - [MESSAGE][PASSED] - Navigate to 'https://petstore.octoperf.com/' successfully

19-05-2024T07:31:36 - [TEST_STEP][PASSED] - click(findTestObject("Object Repository/Page_JPetStore Demo/a_Enter the Store")): Object: 'Object Repository/Page_JPetStore Demo/a_Enter the Store' is clicked on

19-05-2024T07:31:38 - [MESSAGE][PASSED] - Object: 'Object Repository/Page_JPetStore Demo/a_Enter the Store' is clicked on

19-05-2024T07:31:38 - [TEST_STEP][PASSED] - click(findTestObject("Object Repository/Page_JPetStore Demo/a_Sign In_1")): Object: 'Object Repository/Page_JPetStore Demo/a_Sign In_1' is clicked on

19-05-2024T07:31:38 - [MESSAGE][PASSED] - Object: 'Object Repository/Page_JPetStore Demo/a_Sign In_1' is clicked on

19-05-2024T07:31:38 - [TEST_STEP][PASSED] - setText(findTestObject("Object Repository/Page_JPetStore Demo/input_Need a user name and password_username_1"), "test"): Text 'test' is set on object 'Object Repository/Page_JPetStore Demo/input_Need a user name and password_username_1'

19-05-2024T07:32:10 - [MESSAGE][INFO] - Unable to find the element located by 'By.xpath: //input[@id='stripes-900973707']'. Please recheck the objects properties to make sure the desired element is located. 

19-05-2024T07:32:10 - [MESSAGE][WARNING] - [SELF-HEALING] Failed to find element with id 'Object Repository/Page_JPetStore Demo/input_Need a user name and password_username_1'. Try using Self-healing.

19-05-2024T07:32:10 - [MESSAGE][INFO] - [SELF-HEALING] Failed Locator: '//input[@id='stripes-900973707']'.

19-05-2024T07:32:10 - [MESSAGE][INFO] - [SELF-HEALING] Working Locator: '//div[@id='Catalog']/form/p[2]/input'.

19-05-2024T07:32:11 - [MESSAGE][INFO] - [SELF-HEALING] Screenshot: C:/Users/HA716GP/git/Testpractice/Reports/Self-healing/Object Repository/Page_JPetStore Demo/input_Need a user name and password_username_1_idRelative.png

19-05-2024T07:32:11 - [MESSAGE][WARNING] - [SELF-HEALING] The current locator of test object 'Object Repository/Page_JPetStore Demo/input_Need a user name and password_username_1' was broken. Propose an alternative one: '//div[@id='Catalog']/form/p[2]/input'.

19-05-2024T07:32:42 - [MESSAGE][INFO] - Unable to find the element located by 'By.xpath: //input[@id='stripes-900973707']'. Please recheck the objects properties to make sure the desired element is located. 

19-05-2024T07:32:42 - [MESSAGE][WARNING] - [SELF-HEALING] Failed to find element with id 'Object Repository/Page_JPetStore Demo/input_Need a user name and password_username_1'. Try using Self-healing.

19-05-2024T07:32:42 - [MESSAGE][WARNING] - [SELF-HEALING] The current locator of test object 'Object Repository/Page_JPetStore Demo/input_Need a user name and password_username_1' was broken. Propose an alternative one: '//div[@id='Catalog']/form/p[2]/input'.

19-05-2024T07:32:42 - [MESSAGE][PASSED] - Text 'test' is set on object 'Object Repository/Page_JPetStore Demo/input_Need a user name and password_username_1'

19-05-2024T07:32:42 - [TEST_STEP][PASSED] - click(findTestObject("Object Repository/Page_JPetStore Demo/input_Need a user name and password_signon")): Object: 'Object Repository/Page_JPetStore Demo/input_Need a user name and password_signon' is clicked on

19-05-2024T07:32:43 - [MESSAGE][PASSED] - Object: 'Object Repository/Page_JPetStore Demo/input_Need a user name and password_signon' is clicked on

19-05-2024T07:32:43 - [TEST_STEP][PASSED] - click(findTestObject("Object Repository/Page_JPetStore Demo/li_Invalid username or password.  Signon failed")): Object: 'Object Repository/Page_JPetStore Demo/li_Invalid username or password.  Signon failed' is clicked on

19-05-2024T07:32:43 - [MESSAGE][PASSED] - Object: 'Object Repository/Page_JPetStore Demo/li_Invalid username or password.  Signon failed' is clicked on

19-05-2024T07:32:43 - [TEST_STEP][PASSED] - click(findTestObject("Object Repository/Page_JPetStore Demo/input__keyword")): Object: 'Object Repository/Page_JPetStore Demo/input__keyword' is clicked on

19-05-2024T07:32:44 - [MESSAGE][PASSED] - Object: 'Object Repository/Page_JPetStore Demo/input__keyword' is clicked on

19-05-2024T07:32:44 - [TEST_STEP][PASSED] - closeBrowser(): Browser is closed

19-05-2024T07:32:44 - [MESSAGE][PASSED] - Browser is closed]]></system-out>
         <system-err><![CDATA[]]></system-err>
      </testcase>
      <system-out><![CDATA[19-05-2024T07:30:11 - [TEST_SUITE][PASSED] - Login: Test Cases/TC01LoginPage]]></system-out>
      <system-err><![CDATA[]]></system-err>
   </testsuite>
</testsuites>
