<?xml version="1.0" encoding="UTF-8"?>
<testsuites name="AddtokartCat" time="13.851" tests="1" failures="0" errors="0">
   <testsuite name="AddtokartCat" tests="1" failures="0" errors="0" time="13.851" skipped="0" timestamp="19-05-2024T08:21:55" hostname="HA716GP - IN3540868W1.ey.net" id="Test Suites/AddtokartCat">
      <properties>
         <property name="deviceName" value=""/>
         <property name="devicePlatform" value=""/>
         <property name="logFolder" value="C:\\Users\\HA716GP\\git\\Testpractice\\Reports\\20240519_082140\\AddtokartCat\\20240519_082140"/>
         <property name="logFiles" value="C:\\Users\\HA716GP\\git\\Testpractice\\Reports\\20240519_082140\\AddtokartCat\\20240519_082140\\execution0.log"/>
         <property name="attachments" value=""/>
         <property name="hostName" value="HA716GP - IN3540868W1.ey.net"/>
         <property name="os" value="Windows 10 64bit"/>
         <property name="katalonVersion" value="9.4.0.212"/>
         <property name="browser" value="Edge Chromium 124"/>
         <property name="hostAddress" value="192.168.1.35"/>
         <property name="sessionId" value="61a9bbb04e3eb6230ed32fdb77bf46e9"/>
         <property name="seleniumVersion" value="3.141.59"/>
         <property name="proxyInformation" value="ProxyInformation { proxyOption=NO_PROXY, proxyServerType=HTTP, username=, password=********, proxyServerAddress=, proxyServerPort=0, executionList=&quot;&quot;, isApplyToDesiredCapabilities=true }"/>
         <property name="platform" value="Windows 10"/>
      </properties>
      <testcase name="Test Cases/Addtokartcat" time="13.671" classname="Test Cases/Addtokartcat" status="PASSED">
         <system-out><![CDATA[19-05-2024T08:21:55 - [TEST_CASE][PASSED] - Test Cases/Addtokartcat: Test Cases/Addtokartcat

19-05-2024T08:21:56 - [TEST_STEP][PASSED] - openBrowser(""): Browser is opened with url: ''

19-05-2024T08:21:56 - [MESSAGE][INFO] - Starting 'Edge Chromium' driver

19-05-2024T08:21:58 - [MESSAGE][INFO] - Action delay is set to 0 milliseconds

19-05-2024T08:22:00 - [MESSAGE][PASSED] - Browser is opened with url: ''

19-05-2024T08:22:00 - [TEST_STEP][PASSED] - navigateToUrl("https://petstore.octoperf.com/"): Navigate to 'https://petstore.octoperf.com/' successfully

19-05-2024T08:22:02 - [MESSAGE][PASSED] - Navigate to 'https://petstore.octoperf.com/' successfully

19-05-2024T08:22:02 - [TEST_STEP][PASSED] - click(findTestObject("Object Repository/Addtokartcat/Page_JPetStore Demo/p_Enter the Store")): Object: 'Object Repository/Addtokartcat/Page_JPetStore Demo/p_Enter the Store' is clicked on

19-05-2024T08:22:02 - [MESSAGE][PASSED] - Object: 'Object Repository/Addtokartcat/Page_JPetStore Demo/p_Enter the Store' is clicked on

19-05-2024T08:22:02 - [TEST_STEP][PASSED] - click(findTestObject("Object Repository/Addtokartcat/Page_JPetStore Demo/a_Enter the Store")): Object: 'Object Repository/Addtokartcat/Page_JPetStore Demo/a_Enter the Store' is clicked on

19-05-2024T08:22:04 - [MESSAGE][PASSED] - Object: 'Object Repository/Addtokartcat/Page_JPetStore Demo/a_Enter the Store' is clicked on

19-05-2024T08:22:04 - [TEST_STEP][PASSED] - click(findTestObject("Object Repository/Addtokartcat/Page_JPetStore Demo/img")): Object: 'Object Repository/Addtokartcat/Page_JPetStore Demo/img' is clicked on

19-05-2024T08:22:05 - [MESSAGE][PASSED] - Object: 'Object Repository/Addtokartcat/Page_JPetStore Demo/img' is clicked on

19-05-2024T08:22:05 - [TEST_STEP][PASSED] - click(findTestObject("Object Repository/Addtokartcat/Page_JPetStore Demo/a_FL-DSH-01")): Object: 'Object Repository/Addtokartcat/Page_JPetStore Demo/a_FL-DSH-01' is clicked on

19-05-2024T08:22:06 - [MESSAGE][PASSED] - Object: 'Object Repository/Addtokartcat/Page_JPetStore Demo/a_FL-DSH-01' is clicked on

19-05-2024T08:22:06 - [TEST_STEP][PASSED] - click(findTestObject("Object Repository/Addtokartcat/Page_JPetStore Demo/a_EST-14")): Object: 'Object Repository/Addtokartcat/Page_JPetStore Demo/a_EST-14' is clicked on

19-05-2024T08:22:07 - [MESSAGE][PASSED] - Object: 'Object Repository/Addtokartcat/Page_JPetStore Demo/a_EST-14' is clicked on

19-05-2024T08:22:07 - [TEST_STEP][PASSED] - click(findTestObject("Object Repository/Addtokartcat/Page_JPetStore Demo/a_Add to Cart")): Object: 'Object Repository/Addtokartcat/Page_JPetStore Demo/a_Add to Cart' is clicked on

19-05-2024T08:22:08 - [MESSAGE][PASSED] - Object: 'Object Repository/Addtokartcat/Page_JPetStore Demo/a_Add to Cart' is clicked on

19-05-2024T08:22:08 - [TEST_STEP][PASSED] - click(findTestObject("Object Repository/Addtokartcat/Page_JPetStore Demo/a_Proceed to Checkout")): Object: 'Object Repository/Addtokartcat/Page_JPetStore Demo/a_Proceed to Checkout' is clicked on

19-05-2024T08:22:09 - [MESSAGE][PASSED] - Object: 'Object Repository/Addtokartcat/Page_JPetStore Demo/a_Proceed to Checkout' is clicked on

19-05-2024T08:22:09 - [TEST_STEP][PASSED] - closeBrowser(): Browser is closed

19-05-2024T08:22:09 - [MESSAGE][PASSED] - Browser is closed]]></system-out>
         <system-err><![CDATA[]]></system-err>
      </testcase>
      <system-out><![CDATA[19-05-2024T08:21:55 - [TEST_SUITE][PASSED] - AddtokartCat: Test Cases/Addtokartcat]]></system-out>
      <system-err><![CDATA[]]></system-err>
   </testsuite>
</testsuites>
