<?xml version="1.0" encoding="UTF-8"?>
<testsuites name="AddtokartDog" time="12.306" tests="1" failures="0" errors="0">
   <testsuite name="AddtokartDog" tests="1" failures="0" errors="0" time="12.306" skipped="0" timestamp="19-05-2024T08:24:34" hostname="HA716GP - IN3540868W1.ey.net" id="Test Suites/AddtokartDog">
      <properties>
         <property name="deviceName" value=""/>
         <property name="devicePlatform" value=""/>
         <property name="logFolder" value="C:\\Users\\HA716GP\\git\\Testpractice\\Reports\\20240519_082430\\AddtokartDog\\20240519_082430"/>
         <property name="logFiles" value="C:\\Users\\HA716GP\\git\\Testpractice\\Reports\\20240519_082430\\AddtokartDog\\20240519_082430\\execution0.log"/>
         <property name="attachments" value=""/>
         <property name="hostName" value="HA716GP - IN3540868W1.ey.net"/>
         <property name="os" value="Windows 10 64bit"/>
         <property name="katalonVersion" value="9.4.0.212"/>
         <property name="browser" value="Edge Chromium 124"/>
         <property name="hostAddress" value="192.168.1.35"/>
         <property name="sessionId" value="b42f0fba285133fa723d24f763b23b37"/>
         <property name="seleniumVersion" value="3.141.59"/>
         <property name="proxyInformation" value="ProxyInformation { proxyOption=NO_PROXY, proxyServerType=HTTP, username=, password=********, proxyServerAddress=, proxyServerPort=0, executionList=&quot;&quot;, isApplyToDesiredCapabilities=true }"/>
         <property name="platform" value="Windows 10"/>
      </properties>
      <testcase name="Test Cases/Addtokartdog" time="12.134" classname="Test Cases/Addtokartdog" status="PASSED">
         <system-out><![CDATA[19-05-2024T08:24:34 - [TEST_CASE][PASSED] - Test Cases/Addtokartdog: Test Cases/Addtokartdog

19-05-2024T08:24:34 - [TEST_STEP][PASSED] - openBrowser(""): Browser is opened with url: ''

19-05-2024T08:24:34 - [MESSAGE][INFO] - Starting 'Edge Chromium' driver

19-05-2024T08:24:37 - [MESSAGE][INFO] - Action delay is set to 0 milliseconds

19-05-2024T08:24:39 - [MESSAGE][PASSED] - Browser is opened with url: ''

19-05-2024T08:24:39 - [TEST_STEP][PASSED] - navigateToUrl("https://petstore.octoperf.com/"): Navigate to 'https://petstore.octoperf.com/' successfully

19-05-2024T08:24:40 - [MESSAGE][PASSED] - Navigate to 'https://petstore.octoperf.com/' successfully

19-05-2024T08:24:40 - [TEST_STEP][PASSED] - click(findTestObject("Object Repository/AddtokartDog/Page_JPetStore Demo/a_Enter the Store")): Object: 'Object Repository/AddtokartDog/Page_JPetStore Demo/a_Enter the Store' is clicked on

19-05-2024T08:24:42 - [MESSAGE][PASSED] - Object: 'Object Repository/AddtokartDog/Page_JPetStore Demo/a_Enter the Store' is clicked on

19-05-2024T08:24:42 - [TEST_STEP][PASSED] - click(findTestObject("Object Repository/AddtokartDog/Page_JPetStore Demo/img")): Object: 'Object Repository/AddtokartDog/Page_JPetStore Demo/img' is clicked on

19-05-2024T08:24:43 - [MESSAGE][PASSED] - Object: 'Object Repository/AddtokartDog/Page_JPetStore Demo/img' is clicked on

19-05-2024T08:24:43 - [TEST_STEP][PASSED] - click(findTestObject("Object Repository/AddtokartDog/Page_JPetStore Demo/a_K9-BD-01")): Object: 'Object Repository/AddtokartDog/Page_JPetStore Demo/a_K9-BD-01' is clicked on

19-05-2024T08:24:43 - [MESSAGE][PASSED] - Object: 'Object Repository/AddtokartDog/Page_JPetStore Demo/a_K9-BD-01' is clicked on

19-05-2024T08:24:43 - [TEST_STEP][PASSED] - click(findTestObject("Object Repository/AddtokartDog/Page_JPetStore Demo/a_EST-6")): Object: 'Object Repository/AddtokartDog/Page_JPetStore Demo/a_EST-6' is clicked on

19-05-2024T08:24:44 - [MESSAGE][PASSED] - Object: 'Object Repository/AddtokartDog/Page_JPetStore Demo/a_EST-6' is clicked on

19-05-2024T08:24:44 - [TEST_STEP][PASSED] - click(findTestObject("Object Repository/AddtokartDog/Page_JPetStore Demo/a_Add to Cart")): Object: 'Object Repository/AddtokartDog/Page_JPetStore Demo/a_Add to Cart' is clicked on

19-05-2024T08:24:45 - [MESSAGE][PASSED] - Object: 'Object Repository/AddtokartDog/Page_JPetStore Demo/a_Add to Cart' is clicked on

19-05-2024T08:24:45 - [TEST_STEP][PASSED] - click(findTestObject("Object Repository/AddtokartDog/Page_JPetStore Demo/a_Proceed to Checkout")): Object: 'Object Repository/AddtokartDog/Page_JPetStore Demo/a_Proceed to Checkout' is clicked on

19-05-2024T08:24:46 - [MESSAGE][PASSED] - Object: 'Object Repository/AddtokartDog/Page_JPetStore Demo/a_Proceed to Checkout' is clicked on

19-05-2024T08:24:46 - [TEST_STEP][PASSED] - closeBrowser(): Browser is closed

19-05-2024T08:24:46 - [MESSAGE][PASSED] - Browser is closed]]></system-out>
         <system-err><![CDATA[]]></system-err>
      </testcase>
      <system-out><![CDATA[19-05-2024T08:24:34 - [TEST_SUITE][PASSED] - AddtokartDog: Test Cases/Addtokartdog]]></system-out>
      <system-err><![CDATA[]]></system-err>
   </testsuite>
</testsuites>
